[2024-01-20 14:37:23.623] [jointLog] [info] setting maxHashResizeThreads to 4
[2024-01-20 14:37:23.623] [jointLog] [info] Fragment incompatibility prior below threshold.  Incompatible fragments will be ignored.
[2024-01-20 14:37:23.623] [jointLog] [info] Usage of --validateMappings implies use of minScoreFraction. Since not explicitly specified, it is being set to 0.65
[2024-01-20 14:37:23.623] [jointLog] [info] Setting consensusSlack to selective-alignment default of 0.35.
[2024-01-20 14:37:23.623] [jointLog] [info] parsing read library format
[2024-01-20 14:37:23.623] [jointLog] [info] There is 1 library.
[2024-01-20 14:37:23.626] [jointLog] [info] Loading pufferfish index
[2024-01-20 14:37:23.626] [jointLog] [info] Loading dense pufferfish index.
[2024-01-20 14:37:34.440] [jointLog] [info] done
[2024-01-20 14:37:34.643] [jointLog] [info] Index contained 2,060,605 targets
[2024-01-20 14:37:35.862] [jointLog] [info] Number of decoys : 0
[2024-01-20 15:18:44.998] [jointLog] [info] Computed 2,210,166 rich equivalence classes for further processing
[2024-01-20 15:18:44.998] [jointLog] [info] Counted 22,693,442 total reads in the equivalence classes 
[2024-01-20 15:18:45.001] [jointLog] [info] Number of mappings discarded because of alignment score : 56,724,166
[2024-01-20 15:18:45.001] [jointLog] [info] Number of fragments entirely discarded because of alignment score : 6,936,748
[2024-01-20 15:18:45.001] [jointLog] [info] Number of fragments discarded because they are best-mapped to decoys : 0
[2024-01-20 15:18:45.001] [jointLog] [info] Number of fragments discarded because they have only dovetail (discordant) mappings to valid targets : 12,739,307
[2024-01-20 15:18:45.001] [jointLog] [info] Mapping rate = 76.386%

[2024-01-20 15:18:45.001] [jointLog] [info] finished quantifyLibrary()
[2024-01-20 15:18:45.153] [jointLog] [info] Starting optimizer
[2024-01-20 15:18:44.999] [fileLog] [info] 
At end of round 0
==================
Observed 29708902 total fragments (29708902 in most recent round)

[2024-01-20 15:18:46.431] [jointLog] [info] Marked 0 weighted equivalence classes as degenerate
[2024-01-20 15:18:46.654] [jointLog] [info] iteration = 0 | max rel diff. = 771.305
[2024-01-20 15:19:08.867] [jointLog] [info] iteration = 100 | max rel diff. = 16.2075
[2024-01-20 15:19:30.936] [jointLog] [info] iteration = 200 | max rel diff. = 5.3376
[2024-01-20 15:19:52.719] [jointLog] [info] iteration = 300 | max rel diff. = 10.7029
[2024-01-20 15:20:14.486] [jointLog] [info] iteration = 400 | max rel diff. = 6.78761
[2024-01-20 15:20:36.282] [jointLog] [info] iteration = 500 | max rel diff. = 16.6342
[2024-01-20 15:20:58.056] [jointLog] [info] iteration = 600 | max rel diff. = 1.27764
[2024-01-20 15:21:19.857] [jointLog] [info] iteration = 700 | max rel diff. = 2.23004
[2024-01-20 15:21:41.631] [jointLog] [info] iteration = 800 | max rel diff. = 1.08525
[2024-01-20 15:22:03.412] [jointLog] [info] iteration = 900 | max rel diff. = 14.023
[2024-01-20 15:22:25.185] [jointLog] [info] iteration = 1,000 | max rel diff. = 0.370062
[2024-01-20 15:22:46.928] [jointLog] [info] iteration = 1,100 | max rel diff. = 0.090859
[2024-01-20 15:23:08.692] [jointLog] [info] iteration = 1,200 | max rel diff. = 0.0739549
[2024-01-20 15:23:30.473] [jointLog] [info] iteration = 1,300 | max rel diff. = 0.213964
[2024-01-20 15:23:52.238] [jointLog] [info] iteration = 1,400 | max rel diff. = 0.0517572
[2024-01-20 15:24:13.990] [jointLog] [info] iteration = 1,500 | max rel diff. = 0.0299586
[2024-01-20 15:24:35.752] [jointLog] [info] iteration = 1,600 | max rel diff. = 0.162656
[2024-01-20 15:24:37.275] [jointLog] [info] iteration = 1,608 | max rel diff. = 0.00865069
[2024-01-20 15:24:37.558] [jointLog] [info] Finished optimizer
[2024-01-20 15:24:37.558] [jointLog] [info] writing output 

