[2024-01-20 17:29:12.232] [jointLog] [info] setting maxHashResizeThreads to 4
[2024-01-20 17:29:12.232] [jointLog] [info] Fragment incompatibility prior below threshold.  Incompatible fragments will be ignored.
[2024-01-20 17:29:12.232] [jointLog] [info] Usage of --validateMappings implies use of minScoreFraction. Since not explicitly specified, it is being set to 0.65
[2024-01-20 17:29:12.232] [jointLog] [info] Setting consensusSlack to selective-alignment default of 0.35.
[2024-01-20 17:29:12.232] [jointLog] [info] parsing read library format
[2024-01-20 17:29:12.232] [jointLog] [info] There is 1 library.
[2024-01-20 17:29:12.234] [jointLog] [info] Loading pufferfish index
[2024-01-20 17:29:12.235] [jointLog] [info] Loading dense pufferfish index.
[2024-01-20 17:29:22.457] [jointLog] [info] done
[2024-01-20 17:29:22.658] [jointLog] [info] Index contained 2,060,605 targets
[2024-01-20 17:29:23.861] [jointLog] [info] Number of decoys : 0
[2024-01-20 18:10:31.004] [jointLog] [info] Computed 2,281,485 rich equivalence classes for further processing
[2024-01-20 18:10:31.004] [jointLog] [info] Counted 23,983,851 total reads in the equivalence classes 
[2024-01-20 18:10:31.006] [jointLog] [info] Number of mappings discarded because of alignment score : 48,112,280
[2024-01-20 18:10:31.006] [jointLog] [info] Number of fragments entirely discarded because of alignment score : 5,972,780
[2024-01-20 18:10:31.006] [jointLog] [info] Number of fragments discarded because they are best-mapped to decoys : 0
[2024-01-20 18:10:31.006] [jointLog] [info] Number of fragments discarded because they have only dovetail (discordant) mappings to valid targets : 12,084,740
[2024-01-20 18:10:31.006] [jointLog] [info] Mapping rate = 79.8786%

[2024-01-20 18:10:31.007] [jointLog] [info] finished quantifyLibrary()
[2024-01-20 18:10:31.155] [jointLog] [info] Starting optimizer
[2024-01-20 18:10:31.004] [fileLog] [info] 
At end of round 0
==================
Observed 30025393 total fragments (30025393 in most recent round)

[2024-01-20 18:10:32.382] [jointLog] [info] Marked 0 weighted equivalence classes as degenerate
[2024-01-20 18:10:32.610] [jointLog] [info] iteration = 0 | max rel diff. = 724.56
[2024-01-20 18:10:54.813] [jointLog] [info] iteration = 100 | max rel diff. = 20.5098
[2024-01-20 18:11:16.993] [jointLog] [info] iteration = 200 | max rel diff. = 18.992
[2024-01-20 18:11:39.141] [jointLog] [info] iteration = 300 | max rel diff. = 2.80202
[2024-01-20 18:12:01.276] [jointLog] [info] iteration = 400 | max rel diff. = 18.9486
[2024-01-20 18:12:23.407] [jointLog] [info] iteration = 500 | max rel diff. = 6.26954
[2024-01-20 18:12:45.530] [jointLog] [info] iteration = 600 | max rel diff. = 16.9146
[2024-01-20 18:13:07.656] [jointLog] [info] iteration = 700 | max rel diff. = 0.440793
[2024-01-20 18:13:29.785] [jointLog] [info] iteration = 800 | max rel diff. = 0.390915
[2024-01-20 18:13:51.911] [jointLog] [info] iteration = 900 | max rel diff. = 0.123968
[2024-01-20 18:14:14.036] [jointLog] [info] iteration = 1,000 | max rel diff. = 0.762625
[2024-01-20 18:14:36.142] [jointLog] [info] iteration = 1,100 | max rel diff. = 0.0859803
[2024-01-20 18:14:58.252] [jointLog] [info] iteration = 1,200 | max rel diff. = 0.209019
[2024-01-20 18:15:20.379] [jointLog] [info] iteration = 1,300 | max rel diff. = 0.142181
[2024-01-20 18:15:42.510] [jointLog] [info] iteration = 1,400 | max rel diff. = 0.147496
[2024-01-20 18:16:04.629] [jointLog] [info] iteration = 1,500 | max rel diff. = 0.052187
[2024-01-20 18:16:26.758] [jointLog] [info] iteration = 1,600 | max rel diff. = 0.318642
[2024-01-20 18:16:48.880] [jointLog] [info] iteration = 1,700 | max rel diff. = 0.121921
[2024-01-20 18:16:54.629] [jointLog] [info] iteration = 1,727 | max rel diff. = 0.00309985
[2024-01-20 18:16:54.909] [jointLog] [info] Finished optimizer
[2024-01-20 18:16:54.909] [jointLog] [info] writing output 

