[2024-01-21 01:05:48.115] [jointLog] [info] setting maxHashResizeThreads to 4
[2024-01-21 01:05:48.115] [jointLog] [info] Fragment incompatibility prior below threshold.  Incompatible fragments will be ignored.
[2024-01-21 01:05:48.115] [jointLog] [info] Usage of --validateMappings implies use of minScoreFraction. Since not explicitly specified, it is being set to 0.65
[2024-01-21 01:05:48.115] [jointLog] [info] Setting consensusSlack to selective-alignment default of 0.35.
[2024-01-21 01:05:48.115] [jointLog] [info] parsing read library format
[2024-01-21 01:05:48.115] [jointLog] [info] There is 1 library.
[2024-01-21 01:05:48.118] [jointLog] [info] Loading pufferfish index
[2024-01-21 01:05:48.118] [jointLog] [info] Loading dense pufferfish index.
[2024-01-21 01:05:57.342] [jointLog] [info] done
[2024-01-21 01:05:57.438] [jointLog] [info] Index contained 2,060,605 targets
[2024-01-21 01:05:58.095] [jointLog] [info] Number of decoys : 0
[2024-01-21 01:52:17.295] [fileLog] [info] 
At end of round 0
==================
Observed 36046389 total fragments (36046389 in most recent round)

[2024-01-21 01:52:17.294] [jointLog] [info] Computed 2,439,461 rich equivalence classes for further processing
[2024-01-21 01:52:17.295] [jointLog] [info] Counted 28,662,853 total reads in the equivalence classes 
[2024-01-21 01:52:17.299] [jointLog] [info] Number of mappings discarded because of alignment score : 61,401,757
[2024-01-21 01:52:17.299] [jointLog] [info] Number of fragments entirely discarded because of alignment score : 7,303,681
[2024-01-21 01:52:17.299] [jointLog] [info] Number of fragments discarded because they are best-mapped to decoys : 0
[2024-01-21 01:52:17.299] [jointLog] [info] Number of fragments discarded because they have only dovetail (discordant) mappings to valid targets : 14,373,086
[2024-01-21 01:52:17.299] [jointLog] [info] Mapping rate = 79.5166%

[2024-01-21 01:52:17.299] [jointLog] [info] finished quantifyLibrary()
[2024-01-21 01:52:17.394] [jointLog] [info] Starting optimizer
[2024-01-21 01:52:18.618] [jointLog] [info] Marked 0 weighted equivalence classes as degenerate
[2024-01-21 01:52:18.855] [jointLog] [info] iteration = 0 | max rel diff. = 747.789
[2024-01-21 01:52:41.998] [jointLog] [info] iteration = 100 | max rel diff. = 12.5272
[2024-01-21 01:53:05.136] [jointLog] [info] iteration = 200 | max rel diff. = 6.99031
[2024-01-21 01:53:28.227] [jointLog] [info] iteration = 300 | max rel diff. = 5.85961
[2024-01-21 01:53:51.308] [jointLog] [info] iteration = 400 | max rel diff. = 0.904335
[2024-01-21 01:54:14.374] [jointLog] [info] iteration = 500 | max rel diff. = 1.41614
[2024-01-21 01:54:37.434] [jointLog] [info] iteration = 600 | max rel diff. = 8.3108
[2024-01-21 01:55:00.506] [jointLog] [info] iteration = 700 | max rel diff. = 0.199541
[2024-01-21 01:55:23.586] [jointLog] [info] iteration = 800 | max rel diff. = 0.194978
[2024-01-21 01:55:46.665] [jointLog] [info] iteration = 900 | max rel diff. = 0.386217
[2024-01-21 01:56:09.743] [jointLog] [info] iteration = 1,000 | max rel diff. = 0.374254
[2024-01-21 01:56:32.805] [jointLog] [info] iteration = 1,100 | max rel diff. = 0.202798
[2024-01-21 01:56:55.867] [jointLog] [info] iteration = 1,200 | max rel diff. = 0.14293
[2024-01-21 01:57:18.945] [jointLog] [info] iteration = 1,300 | max rel diff. = 0.440985
[2024-01-21 01:57:42.031] [jointLog] [info] iteration = 1,400 | max rel diff. = 4.13069
[2024-01-21 01:58:05.112] [jointLog] [info] iteration = 1,500 | max rel diff. = 0.0427422
[2024-01-21 01:58:28.198] [jointLog] [info] iteration = 1,600 | max rel diff. = 0.0777236
[2024-01-21 01:58:51.260] [jointLog] [info] iteration = 1,700 | max rel diff. = 0.0767135
[2024-01-21 01:59:14.316] [jointLog] [info] iteration = 1,800 | max rel diff. = 0.0216959
[2024-01-21 01:59:37.385] [jointLog] [info] iteration = 1,900 | max rel diff. = 0.0841267
[2024-01-21 01:59:40.392] [jointLog] [info] iteration = 1,914 | max rel diff. = 0.0097952
[2024-01-21 01:59:40.670] [jointLog] [info] Finished optimizer
[2024-01-21 01:59:40.670] [jointLog] [info] writing output 

