[2024-01-20 22:02:48.648] [jointLog] [info] setting maxHashResizeThreads to 4
[2024-01-20 22:02:48.648] [jointLog] [info] Fragment incompatibility prior below threshold.  Incompatible fragments will be ignored.
[2024-01-20 22:02:48.648] [jointLog] [info] Usage of --validateMappings implies use of minScoreFraction. Since not explicitly specified, it is being set to 0.65
[2024-01-20 22:02:48.648] [jointLog] [info] Setting consensusSlack to selective-alignment default of 0.35.
[2024-01-20 22:02:48.648] [jointLog] [info] parsing read library format
[2024-01-20 22:02:48.648] [jointLog] [info] There is 1 library.
[2024-01-20 22:02:48.650] [jointLog] [info] Loading pufferfish index
[2024-01-20 22:02:48.651] [jointLog] [info] Loading dense pufferfish index.
[2024-01-20 22:02:58.304] [jointLog] [info] done
[2024-01-20 22:02:58.398] [jointLog] [info] Index contained 2,060,605 targets
[2024-01-20 22:02:59.356] [jointLog] [info] Number of decoys : 0
[2024-01-20 22:40:12.296] [jointLog] [info] Computed 2,284,259 rich equivalence classes for further processing
[2024-01-20 22:40:12.296] [jointLog] [info] Counted 23,369,477 total reads in the equivalence classes 
[2024-01-20 22:40:12.302] [jointLog] [info] Number of mappings discarded because of alignment score : 52,262,671
[2024-01-20 22:40:12.302] [jointLog] [info] Number of fragments entirely discarded because of alignment score : 6,319,797
[2024-01-20 22:40:12.302] [jointLog] [info] Number of fragments discarded because they are best-mapped to decoys : 0
[2024-01-20 22:40:12.302] [jointLog] [info] Number of fragments discarded because they have only dovetail (discordant) mappings to valid targets : 12,249,086
[2024-01-20 22:40:12.302] [jointLog] [info] Mapping rate = 78.4885%

[2024-01-20 22:40:12.302] [jointLog] [info] finished quantifyLibrary()
[2024-01-20 22:40:12.411] [jointLog] [info] Starting optimizer
[2024-01-20 22:40:12.296] [fileLog] [info] 
At end of round 0
==================
Observed 29774393 total fragments (29774393 in most recent round)

[2024-01-20 22:40:13.568] [jointLog] [info] Marked 0 weighted equivalence classes as degenerate
[2024-01-20 22:40:13.795] [jointLog] [info] iteration = 0 | max rel diff. = 667.924
[2024-01-20 22:40:35.972] [jointLog] [info] iteration = 100 | max rel diff. = 13.9293
[2024-01-20 22:40:58.157] [jointLog] [info] iteration = 200 | max rel diff. = 4.25022
[2024-01-20 22:41:20.295] [jointLog] [info] iteration = 300 | max rel diff. = 1.06557
[2024-01-20 22:41:42.418] [jointLog] [info] iteration = 400 | max rel diff. = 0.656472
[2024-01-20 22:42:04.558] [jointLog] [info] iteration = 500 | max rel diff. = 0.82157
[2024-01-20 22:42:26.699] [jointLog] [info] iteration = 600 | max rel diff. = 17.8126
[2024-01-20 22:42:48.845] [jointLog] [info] iteration = 700 | max rel diff. = 0.72983
[2024-01-20 22:43:10.972] [jointLog] [info] iteration = 800 | max rel diff. = 2.83671
[2024-01-20 22:43:33.097] [jointLog] [info] iteration = 900 | max rel diff. = 0.12729
[2024-01-20 22:43:55.230] [jointLog] [info] iteration = 1,000 | max rel diff. = 6.48645
[2024-01-20 22:44:17.358] [jointLog] [info] iteration = 1,100 | max rel diff. = 0.0512748
[2024-01-20 22:44:39.492] [jointLog] [info] iteration = 1,200 | max rel diff. = 1.56282
[2024-01-20 22:45:01.623] [jointLog] [info] iteration = 1,300 | max rel diff. = 0.0301778
[2024-01-20 22:45:22.444] [jointLog] [info] iteration = 1,395 | max rel diff. = 0.00560374
[2024-01-20 22:45:22.724] [jointLog] [info] Finished optimizer
[2024-01-20 22:45:22.724] [jointLog] [info] writing output 

