[2024-01-20 12:12:08.149] [jointLog] [info] setting maxHashResizeThreads to 4
[2024-01-20 12:12:08.149] [jointLog] [info] Fragment incompatibility prior below threshold.  Incompatible fragments will be ignored.
[2024-01-20 12:12:08.149] [jointLog] [info] Usage of --validateMappings implies use of minScoreFraction. Since not explicitly specified, it is being set to 0.65
[2024-01-20 12:12:08.149] [jointLog] [info] Setting consensusSlack to selective-alignment default of 0.35.
[2024-01-20 12:12:08.149] [jointLog] [info] parsing read library format
[2024-01-20 12:12:08.149] [jointLog] [info] There is 1 library.
[2024-01-20 12:12:08.151] [jointLog] [info] Loading pufferfish index
[2024-01-20 12:12:08.151] [jointLog] [info] Loading dense pufferfish index.
[2024-01-20 12:12:18.963] [jointLog] [info] done
[2024-01-20 12:12:19.164] [jointLog] [info] Index contained 2,060,605 targets
[2024-01-20 12:12:20.385] [jointLog] [info] Number of decoys : 0
[2024-01-20 13:02:31.988] [jointLog] [info] Computed 2,331,818 rich equivalence classes for further processing
[2024-01-20 13:02:31.988] [jointLog] [info] Counted 26,425,041 total reads in the equivalence classes 
[2024-01-20 13:02:31.997] [jointLog] [info] Number of mappings discarded because of alignment score : 66,539,702
[2024-01-20 13:02:31.997] [jointLog] [info] Number of fragments entirely discarded because of alignment score : 8,461,728
[2024-01-20 13:02:31.997] [jointLog] [info] Number of fragments discarded because they are best-mapped to decoys : 0
[2024-01-20 13:02:31.997] [jointLog] [info] Number of fragments discarded because they have only dovetail (discordant) mappings to valid targets : 15,290,298
[2024-01-20 13:02:31.997] [jointLog] [info] Mapping rate = 75.5412%

[2024-01-20 13:02:31.997] [jointLog] [info] finished quantifyLibrary()
[2024-01-20 13:02:32.079] [jointLog] [info] Starting optimizer
[2024-01-20 13:02:31.988] [fileLog] [info] 
At end of round 0
==================
Observed 34980982 total fragments (34980982 in most recent round)

[2024-01-20 13:02:33.260] [jointLog] [info] Marked 0 weighted equivalence classes as degenerate
[2024-01-20 13:02:33.496] [jointLog] [info] iteration = 0 | max rel diff. = 753.988
[2024-01-20 13:02:56.135] [jointLog] [info] iteration = 100 | max rel diff. = 16.8293
[2024-01-20 13:03:18.728] [jointLog] [info] iteration = 200 | max rel diff. = 12.7781
[2024-01-20 13:03:41.282] [jointLog] [info] iteration = 300 | max rel diff. = 1.26969
[2024-01-20 13:04:03.846] [jointLog] [info] iteration = 400 | max rel diff. = 10.8015
[2024-01-20 13:04:26.419] [jointLog] [info] iteration = 500 | max rel diff. = 0.669097
[2024-01-20 13:04:48.976] [jointLog] [info] iteration = 600 | max rel diff. = 0.651751
[2024-01-20 13:05:11.553] [jointLog] [info] iteration = 700 | max rel diff. = 0.480644
[2024-01-20 13:05:34.098] [jointLog] [info] iteration = 800 | max rel diff. = 0.137539
[2024-01-20 13:05:56.652] [jointLog] [info] iteration = 900 | max rel diff. = 0.232583
[2024-01-20 13:06:19.196] [jointLog] [info] iteration = 1,000 | max rel diff. = 0.0524487
[2024-01-20 13:06:41.727] [jointLog] [info] iteration = 1,100 | max rel diff. = 0.588927
[2024-01-20 13:07:04.260] [jointLog] [info] iteration = 1,200 | max rel diff. = 0.542299
[2024-01-20 13:07:26.793] [jointLog] [info] iteration = 1,300 | max rel diff. = 0.0516061
[2024-01-20 13:07:49.361] [jointLog] [info] iteration = 1,400 | max rel diff. = 0.0758622
[2024-01-20 13:08:08.563] [jointLog] [info] iteration = 1,486 | max rel diff. = 0.00905041
[2024-01-20 13:08:08.844] [jointLog] [info] Finished optimizer
[2024-01-20 13:08:08.844] [jointLog] [info] writing output 

