[2024-01-20 10:37:16.519] [jointLog] [info] setting maxHashResizeThreads to 4
[2024-01-20 10:37:16.519] [jointLog] [info] Fragment incompatibility prior below threshold.  Incompatible fragments will be ignored.
[2024-01-20 10:37:16.519] [jointLog] [info] Usage of --validateMappings implies use of minScoreFraction. Since not explicitly specified, it is being set to 0.65
[2024-01-20 10:37:16.520] [jointLog] [info] Setting consensusSlack to selective-alignment default of 0.35.
[2024-01-20 10:37:16.520] [jointLog] [info] parsing read library format
[2024-01-20 10:37:16.522] [jointLog] [info] There is 1 library.
[2024-01-20 10:37:16.524] [jointLog] [info] Loading pufferfish index
[2024-01-20 10:37:16.524] [jointLog] [info] Loading dense pufferfish index.
[2024-01-20 10:37:24.521] [jointLog] [info] done
[2024-01-20 10:37:24.616] [jointLog] [info] Index contained 2,060,605 targets
[2024-01-20 10:37:25.267] [jointLog] [info] Number of decoys : 0
[2024-01-20 11:17:31.207] [jointLog] [info] Computed 2,140,636 rich equivalence classes for further processing
[2024-01-20 11:17:31.207] [jointLog] [info] Counted 24,988,441 total reads in the equivalence classes 
[2024-01-20 11:17:31.209] [jointLog] [info] Number of mappings discarded because of alignment score : 49,201,645
[2024-01-20 11:17:31.209] [jointLog] [info] Number of fragments entirely discarded because of alignment score : 5,845,132
[2024-01-20 11:17:31.209] [jointLog] [info] Number of fragments discarded because they are best-mapped to decoys : 0
[2024-01-20 11:17:31.209] [jointLog] [info] Number of fragments discarded because they have only dovetail (discordant) mappings to valid targets : 12,051,276
[2024-01-20 11:17:31.209] [jointLog] [info] Mapping rate = 80.82%

[2024-01-20 11:17:31.210] [jointLog] [info] finished quantifyLibrary()
[2024-01-20 11:17:31.348] [jointLog] [info] Starting optimizer
[2024-01-20 11:17:31.207] [fileLog] [info] 
At end of round 0
==================
Observed 30918626 total fragments (30918626 in most recent round)

[2024-01-20 11:17:32.439] [jointLog] [info] Marked 0 weighted equivalence classes as degenerate
[2024-01-20 11:17:32.660] [jointLog] [info] iteration = 0 | max rel diff. = 837.179
[2024-01-20 11:17:54.174] [jointLog] [info] iteration = 100 | max rel diff. = 11.9629
[2024-01-20 11:18:15.708] [jointLog] [info] iteration = 200 | max rel diff. = 7.00237
[2024-01-20 11:18:37.223] [jointLog] [info] iteration = 300 | max rel diff. = 16.7136
[2024-01-20 11:18:58.689] [jointLog] [info] iteration = 400 | max rel diff. = 1.95068
[2024-01-20 11:19:20.182] [jointLog] [info] iteration = 500 | max rel diff. = 0.568192
[2024-01-20 11:19:41.639] [jointLog] [info] iteration = 600 | max rel diff. = 6.46496
[2024-01-20 11:20:03.114] [jointLog] [info] iteration = 700 | max rel diff. = 0.0914163
[2024-01-20 11:20:24.558] [jointLog] [info] iteration = 800 | max rel diff. = 2.36137
[2024-01-20 11:20:46.048] [jointLog] [info] iteration = 900 | max rel diff. = 0.372196
[2024-01-20 11:21:07.512] [jointLog] [info] iteration = 1,000 | max rel diff. = 7.87509
[2024-01-20 11:21:28.990] [jointLog] [info] iteration = 1,100 | max rel diff. = 0.0879393
[2024-01-20 11:21:50.455] [jointLog] [info] iteration = 1,200 | max rel diff. = 3.88136
[2024-01-20 11:22:11.929] [jointLog] [info] iteration = 1,300 | max rel diff. = 0.0317757
[2024-01-20 11:22:33.425] [jointLog] [info] iteration = 1,400 | max rel diff. = 6.48964
[2024-01-20 11:22:54.908] [jointLog] [info] iteration = 1,500 | max rel diff. = 0.0283018
[2024-01-20 11:23:16.383] [jointLog] [info] iteration = 1,600 | max rel diff. = 0.0164045
[2024-01-20 11:23:37.870] [jointLog] [info] iteration = 1,700 | max rel diff. = 0.0772542
[2024-01-20 11:23:59.349] [jointLog] [info] iteration = 1,800 | max rel diff. = 0.0143179
[2024-01-20 11:24:20.826] [jointLog] [info] iteration = 1,900 | max rel diff. = 0.649875
[2024-01-20 11:24:34.158] [jointLog] [info] iteration = 1,963 | max rel diff. = 0.00221684
[2024-01-20 11:24:34.440] [jointLog] [info] Finished optimizer
[2024-01-20 11:24:34.440] [jointLog] [info] writing output 

