[2024-01-20 19:48:01.872] [jointLog] [info] setting maxHashResizeThreads to 4
[2024-01-20 19:48:01.872] [jointLog] [info] Fragment incompatibility prior below threshold.  Incompatible fragments will be ignored.
[2024-01-20 19:48:01.872] [jointLog] [info] Usage of --validateMappings implies use of minScoreFraction. Since not explicitly specified, it is being set to 0.65
[2024-01-20 19:48:01.872] [jointLog] [info] Setting consensusSlack to selective-alignment default of 0.35.
[2024-01-20 19:48:01.872] [jointLog] [info] parsing read library format
[2024-01-20 19:48:01.872] [jointLog] [info] There is 1 library.
[2024-01-20 19:48:01.874] [jointLog] [info] Loading pufferfish index
[2024-01-20 19:48:01.875] [jointLog] [info] Loading dense pufferfish index.
[2024-01-20 19:48:11.601] [jointLog] [info] done
[2024-01-20 19:48:11.722] [jointLog] [info] Index contained 2,060,605 targets
[2024-01-20 19:48:12.910] [jointLog] [info] Number of decoys : 0
[2024-01-20 20:26:01.868] [jointLog] [info] Computed 1,798,752 rich equivalence classes for further processing
[2024-01-20 20:26:01.868] [jointLog] [info] Counted 19,150,247 total reads in the equivalence classes 
[2024-01-20 20:26:01.872] [jointLog] [info] Number of mappings discarded because of alignment score : 44,244,940
[2024-01-20 20:26:01.872] [jointLog] [info] Number of fragments entirely discarded because of alignment score : 5,110,206
[2024-01-20 20:26:01.872] [jointLog] [info] Number of fragments discarded because they are best-mapped to decoys : 0
[2024-01-20 20:26:01.872] [jointLog] [info] Number of fragments discarded because they have only dovetail (discordant) mappings to valid targets : 10,015,623
[2024-01-20 20:26:01.872] [jointLog] [info] Mapping rate = 78.7612%

[2024-01-20 20:26:01.872] [jointLog] [info] finished quantifyLibrary()
[2024-01-20 20:26:01.966] [jointLog] [info] Starting optimizer
[2024-01-20 20:26:01.869] [fileLog] [info] 
At end of round 0
==================
Observed 24314306 total fragments (24314306 in most recent round)

[2024-01-20 20:26:03.072] [jointLog] [info] Marked 0 weighted equivalence classes as degenerate
[2024-01-20 20:26:03.269] [jointLog] [info] iteration = 0 | max rel diff. = 667.745
[2024-01-20 20:26:22.478] [jointLog] [info] iteration = 100 | max rel diff. = 17.3485
[2024-01-20 20:26:41.623] [jointLog] [info] iteration = 200 | max rel diff. = 9.41763
[2024-01-20 20:27:00.748] [jointLog] [info] iteration = 300 | max rel diff. = 1.11749
[2024-01-20 20:27:19.854] [jointLog] [info] iteration = 400 | max rel diff. = 0.805814
[2024-01-20 20:27:38.980] [jointLog] [info] iteration = 500 | max rel diff. = 3.08465
[2024-01-20 20:27:58.085] [jointLog] [info] iteration = 600 | max rel diff. = 0.898314
[2024-01-20 20:28:17.192] [jointLog] [info] iteration = 700 | max rel diff. = 0.21175
[2024-01-20 20:28:36.310] [jointLog] [info] iteration = 800 | max rel diff. = 0.131145
[2024-01-20 20:28:55.439] [jointLog] [info] iteration = 900 | max rel diff. = 0.0558965
[2024-01-20 20:29:14.558] [jointLog] [info] iteration = 1,000 | max rel diff. = 0.120299
[2024-01-20 20:29:26.595] [jointLog] [info] iteration = 1,064 | max rel diff. = 0.00949262
[2024-01-20 20:29:26.878] [jointLog] [info] Finished optimizer
[2024-01-20 20:29:26.878] [jointLog] [info] writing output 

