[2024-02-17 22:23:36.705] [jointLog] [info] setting maxHashResizeThreads to 4
[2024-02-17 22:23:36.705] [jointLog] [info] Fragment incompatibility prior below threshold.  Incompatible fragments will be ignored.
[2024-02-17 22:23:36.705] [jointLog] [info] Usage of --validateMappings implies use of minScoreFraction. Since not explicitly specified, it is being set to 0.65
[2024-02-17 22:23:36.705] [jointLog] [info] Setting consensusSlack to selective-alignment default of 0.35.
[2024-02-17 22:23:36.705] [jointLog] [info] parsing read library format
[2024-02-17 22:23:36.705] [jointLog] [info] There is 1 library.
[2024-02-17 22:23:36.707] [jointLog] [info] Loading pufferfish index
[2024-02-17 22:23:36.707] [jointLog] [info] Loading dense pufferfish index.
[2024-02-17 22:23:39.260] [jointLog] [info] done
[2024-02-17 22:23:39.354] [jointLog] [info] Index contained 635,936 targets
[2024-02-17 22:23:39.550] [jointLog] [info] Number of decoys : 0
[2024-02-17 23:02:21.784] [jointLog] [info] Computed 1,446,620 rich equivalence classes for further processing
[2024-02-17 23:02:21.784] [jointLog] [info] Counted 26,327,228 total reads in the equivalence classes 
[2024-02-17 23:02:21.786] [jointLog] [info] Number of mappings discarded because of alignment score : 51,045,242
[2024-02-17 23:02:21.786] [jointLog] [info] Number of fragments entirely discarded because of alignment score : 6,734,805
[2024-02-17 23:02:21.786] [jointLog] [info] Number of fragments discarded because they are best-mapped to decoys : 0
[2024-02-17 23:02:21.786] [jointLog] [info] Number of fragments discarded because they have only dovetail (discordant) mappings to valid targets : 12,568,415
[2024-02-17 23:02:21.786] [jointLog] [info] Mapping rate = 76.9842%

[2024-02-17 23:02:21.786] [jointLog] [info] finished quantifyLibrary()
[2024-02-17 23:02:21.899] [jointLog] [info] Starting optimizer
[2024-02-17 23:02:21.784] [fileLog] [info] 
At end of round 0
==================
Observed 34198240 total fragments (34198240 in most recent round)

[2024-02-17 23:02:22.279] [jointLog] [info] Marked 0 weighted equivalence classes as degenerate
[2024-02-17 23:02:22.371] [jointLog] [info] iteration = 0 | max rel diff. = 2141.58
[2024-02-17 23:02:31.219] [jointLog] [info] iteration = 100 | max rel diff. = 20.32
[2024-02-17 23:02:40.072] [jointLog] [info] iteration = 200 | max rel diff. = 5.72051
[2024-02-17 23:02:48.895] [jointLog] [info] iteration = 300 | max rel diff. = 17.0266
[2024-02-17 23:02:57.730] [jointLog] [info] iteration = 400 | max rel diff. = 0.262153
[2024-02-17 23:03:06.563] [jointLog] [info] iteration = 500 | max rel diff. = 1.16603
[2024-02-17 23:03:15.386] [jointLog] [info] iteration = 600 | max rel diff. = 0.252636
[2024-02-17 23:03:24.198] [jointLog] [info] iteration = 700 | max rel diff. = 0.416625
[2024-02-17 23:03:33.008] [jointLog] [info] iteration = 800 | max rel diff. = 0.0470483
[2024-02-17 23:03:41.822] [jointLog] [info] iteration = 900 | max rel diff. = 1.64526
[2024-02-17 23:03:50.640] [jointLog] [info] iteration = 1,000 | max rel diff. = 0.0196118
[2024-02-17 23:03:58.308] [jointLog] [info] iteration = 1,088 | max rel diff. = 0.00985096
[2024-02-17 23:03:58.393] [jointLog] [info] Finished optimizer
[2024-02-17 23:03:58.393] [jointLog] [info] writing output 

[2024-02-17 23:03:59.733] [jointLog] [warning] NOTE: Read Lib [[ /home/dgold/23_Clams_Trinity/4_Differential_Expression_Analysis/../0_Data/SRR25907725_1.fastq.gz, /home/dgold/23_Clams_Trinity/4_Differential_Expression_Analysis/../0_Data/SRR25907725_2.fastq.gz]] :

Detected a *potential* strand bias > 1% in an unstranded protocol check the file: C2_B2/lib_format_counts.json for details

