[2024-01-20 16:38:59.603] [jointLog] [info] setting maxHashResizeThreads to 4
[2024-01-20 16:38:59.603] [jointLog] [info] Fragment incompatibility prior below threshold.  Incompatible fragments will be ignored.
[2024-01-20 16:38:59.603] [jointLog] [info] Usage of --validateMappings implies use of minScoreFraction. Since not explicitly specified, it is being set to 0.65
[2024-01-20 16:38:59.603] [jointLog] [info] Setting consensusSlack to selective-alignment default of 0.35.
[2024-01-20 16:38:59.603] [jointLog] [info] parsing read library format
[2024-01-20 16:38:59.603] [jointLog] [info] There is 1 library.
[2024-01-20 16:38:59.605] [jointLog] [info] Loading pufferfish index
[2024-01-20 16:38:59.605] [jointLog] [info] Loading dense pufferfish index.
[2024-01-20 16:39:10.674] [jointLog] [info] done
[2024-01-20 16:39:10.873] [jointLog] [info] Index contained 2,060,605 targets
[2024-01-20 16:39:12.059] [jointLog] [info] Number of decoys : 0
[2024-01-20 17:24:52.760] [jointLog] [info] Computed 1,966,409 rich equivalence classes for further processing
[2024-01-20 17:24:52.760] [jointLog] [info] Counted 26,320,903 total reads in the equivalence classes 
[2024-01-20 17:24:52.765] [jointLog] [info] Number of mappings discarded because of alignment score : 57,360,281
[2024-01-20 17:24:52.765] [jointLog] [info] Number of fragments entirely discarded because of alignment score : 6,759,248
[2024-01-20 17:24:52.765] [jointLog] [info] Number of fragments discarded because they are best-mapped to decoys : 0
[2024-01-20 17:24:52.765] [jointLog] [info] Number of fragments discarded because they have only dovetail (discordant) mappings to valid targets : 13,890,681
[2024-01-20 17:24:52.765] [jointLog] [info] Mapping rate = 79.3177%

[2024-01-20 17:24:52.765] [jointLog] [info] finished quantifyLibrary()
[2024-01-20 17:24:52.892] [jointLog] [info] Starting optimizer
[2024-01-20 17:24:52.761] [fileLog] [info] 
At end of round 0
==================
Observed 33184148 total fragments (33184148 in most recent round)

[2024-01-20 17:24:54.055] [jointLog] [info] Marked 0 weighted equivalence classes as degenerate
[2024-01-20 17:24:54.261] [jointLog] [info] iteration = 0 | max rel diff. = 864.445
[2024-01-20 17:25:14.461] [jointLog] [info] iteration = 100 | max rel diff. = 19.0976
[2024-01-20 17:25:34.576] [jointLog] [info] iteration = 200 | max rel diff. = 10.6514
[2024-01-20 17:25:54.667] [jointLog] [info] iteration = 300 | max rel diff. = 3.40995
[2024-01-20 17:26:14.748] [jointLog] [info] iteration = 400 | max rel diff. = 0.384251
[2024-01-20 17:26:34.814] [jointLog] [info] iteration = 500 | max rel diff. = 1.62787
[2024-01-20 17:26:54.887] [jointLog] [info] iteration = 600 | max rel diff. = 0.823872
[2024-01-20 17:27:14.959] [jointLog] [info] iteration = 700 | max rel diff. = 0.472083
[2024-01-20 17:27:35.016] [jointLog] [info] iteration = 800 | max rel diff. = 0.688784
[2024-01-20 17:27:55.099] [jointLog] [info] iteration = 900 | max rel diff. = 0.0463551
[2024-01-20 17:28:15.171] [jointLog] [info] iteration = 1,000 | max rel diff. = 2.85748
[2024-01-20 17:28:35.246] [jointLog] [info] iteration = 1,100 | max rel diff. = 0.0390286
[2024-01-20 17:28:55.322] [jointLog] [info] iteration = 1,200 | max rel diff. = 0.168446
[2024-01-20 17:29:03.549] [jointLog] [info] iteration = 1,242 | max rel diff. = 0.00755155
[2024-01-20 17:29:03.830] [jointLog] [info] Finished optimizer
[2024-01-20 17:29:03.830] [jointLog] [info] writing output 

[2024-01-20 17:29:07.883] [jointLog] [warning] NOTE: Read Lib [[ /home/dgold/23_Clams_Trinity/2_Mapping/../0_Data/SRR25907738_1.fastq.gz, /home/dgold/23_Clams_Trinity/2_Mapping/../0_Data/SRR25907738_2.fastq.gz]] :

Detected a *potential* strand bias > 1% in an unstranded protocol check the file: OA3_B1/lib_format_counts.json for details

