[2024-02-17 21:41:07.156] [jointLog] [info] setting maxHashResizeThreads to 4
[2024-02-17 21:41:07.156] [jointLog] [info] Fragment incompatibility prior below threshold.  Incompatible fragments will be ignored.
[2024-02-17 21:41:07.156] [jointLog] [info] Usage of --validateMappings implies use of minScoreFraction. Since not explicitly specified, it is being set to 0.65
[2024-02-17 21:41:07.156] [jointLog] [info] Setting consensusSlack to selective-alignment default of 0.35.
[2024-02-17 21:41:07.156] [jointLog] [info] parsing read library format
[2024-02-17 21:41:07.156] [jointLog] [info] There is 1 library.
[2024-02-17 21:41:07.158] [jointLog] [info] Loading pufferfish index
[2024-02-17 21:41:07.159] [jointLog] [info] Loading dense pufferfish index.
[2024-02-17 21:41:09.708] [jointLog] [info] done
[2024-02-17 21:41:09.810] [jointLog] [info] Index contained 635,936 targets
[2024-02-17 21:41:10.005] [jointLog] [info] Number of decoys : 0
[2024-02-17 22:21:27.018] [jointLog] [info] Computed 1,368,498 rich equivalence classes for further processing
[2024-02-17 22:21:27.018] [jointLog] [info] Counted 25,082,854 total reads in the equivalence classes 
[2024-02-17 22:21:27.031] [jointLog] [info] Number of mappings discarded because of alignment score : 60,757,791
[2024-02-17 22:21:27.031] [jointLog] [info] Number of fragments entirely discarded because of alignment score : 8,879,844
[2024-02-17 22:21:27.031] [jointLog] [info] Number of fragments discarded because they are best-mapped to decoys : 0
[2024-02-17 22:21:27.031] [jointLog] [info] Number of fragments discarded because they have only dovetail (discordant) mappings to valid targets : 14,669,803
[2024-02-17 22:21:27.031] [jointLog] [info] Mapping rate = 71.7043%

[2024-02-17 22:21:27.031] [jointLog] [info] finished quantifyLibrary()
[2024-02-17 22:21:27.165] [jointLog] [info] Starting optimizer
[2024-02-17 22:21:27.018] [fileLog] [info] 
At end of round 0
==================
Observed 34980982 total fragments (34980982 in most recent round)

[2024-02-17 22:21:27.552] [jointLog] [info] Marked 0 weighted equivalence classes as degenerate
[2024-02-17 22:21:27.640] [jointLog] [info] iteration = 0 | max rel diff. = 1960.13
[2024-02-17 22:21:36.153] [jointLog] [info] iteration = 100 | max rel diff. = 15.89
[2024-02-17 22:21:44.639] [jointLog] [info] iteration = 200 | max rel diff. = 6.60289
[2024-02-17 22:21:53.113] [jointLog] [info] iteration = 300 | max rel diff. = 1.5406
[2024-02-17 22:22:01.604] [jointLog] [info] iteration = 400 | max rel diff. = 1.61563
[2024-02-17 22:22:10.078] [jointLog] [info] iteration = 500 | max rel diff. = 2.1983
[2024-02-17 22:22:18.557] [jointLog] [info] iteration = 600 | max rel diff. = 15.0575
[2024-02-17 22:22:27.029] [jointLog] [info] iteration = 700 | max rel diff. = 5.15102
[2024-02-17 22:22:35.486] [jointLog] [info] iteration = 800 | max rel diff. = 0.485777
[2024-02-17 22:22:43.947] [jointLog] [info] iteration = 900 | max rel diff. = 0.103188
[2024-02-17 22:22:52.422] [jointLog] [info] iteration = 1,000 | max rel diff. = 0.145417
[2024-02-17 22:23:00.886] [jointLog] [info] iteration = 1,100 | max rel diff. = 0.0395082
[2024-02-17 22:23:09.346] [jointLog] [info] iteration = 1,200 | max rel diff. = 0.294234
[2024-02-17 22:23:17.812] [jointLog] [info] iteration = 1,300 | max rel diff. = 0.0291818
[2024-02-17 22:23:22.209] [jointLog] [info] iteration = 1,353 | max rel diff. = 0.00507469
[2024-02-17 22:23:22.294] [jointLog] [info] Finished optimizer
[2024-02-17 22:23:22.294] [jointLog] [info] writing output 

[2024-02-17 22:23:23.775] [jointLog] [warning] NOTE: Read Lib [[ /home/dgold/23_Clams_Trinity/4_Differential_Expression_Analysis/../0_Data/SRR25907742_1.fastq.gz, /home/dgold/23_Clams_Trinity/4_Differential_Expression_Analysis/../0_Data/SRR25907742_2.fastq.gz]] :

Detected a *potential* strand bias > 1% in an unstranded protocol check the file: C2_B1/lib_format_counts.json for details

