[2024-01-20 20:29:35.275] [jointLog] [info] setting maxHashResizeThreads to 4
[2024-01-20 20:29:35.275] [jointLog] [info] Fragment incompatibility prior below threshold.  Incompatible fragments will be ignored.
[2024-01-20 20:29:35.275] [jointLog] [info] Usage of --validateMappings implies use of minScoreFraction. Since not explicitly specified, it is being set to 0.65
[2024-01-20 20:29:35.275] [jointLog] [info] Setting consensusSlack to selective-alignment default of 0.35.
[2024-01-20 20:29:35.275] [jointLog] [info] parsing read library format
[2024-01-20 20:29:35.275] [jointLog] [info] There is 1 library.
[2024-01-20 20:29:35.277] [jointLog] [info] Loading pufferfish index
[2024-01-20 20:29:35.277] [jointLog] [info] Loading dense pufferfish index.
[2024-01-20 20:29:45.499] [jointLog] [info] done
[2024-01-20 20:29:45.699] [jointLog] [info] Index contained 2,060,605 targets
[2024-01-20 20:29:46.898] [jointLog] [info] Number of decoys : 0
[2024-01-20 21:07:48.661] [fileLog] [info] 
At end of round 0
==================
Observed 25711404 total fragments (25711404 in most recent round)

[2024-01-20 21:07:48.661] [jointLog] [info] Computed 1,907,350 rich equivalence classes for further processing
[2024-01-20 21:07:48.661] [jointLog] [info] Counted 19,995,752 total reads in the equivalence classes 
[2024-01-20 21:07:48.663] [jointLog] [info] Number of mappings discarded because of alignment score : 47,553,752
[2024-01-20 21:07:48.664] [jointLog] [info] Number of fragments entirely discarded because of alignment score : 5,653,332
[2024-01-20 21:07:48.664] [jointLog] [info] Number of fragments discarded because they are best-mapped to decoys : 0
[2024-01-20 21:07:48.664] [jointLog] [info] Number of fragments discarded because they have only dovetail (discordant) mappings to valid targets : 10,716,802
[2024-01-20 21:07:48.664] [jointLog] [info] Mapping rate = 77.77%

[2024-01-20 21:07:48.664] [jointLog] [info] finished quantifyLibrary()
[2024-01-20 21:07:48.783] [jointLog] [info] Starting optimizer
[2024-01-20 21:07:49.906] [jointLog] [info] Marked 0 weighted equivalence classes as degenerate
[2024-01-20 21:07:50.110] [jointLog] [info] iteration = 0 | max rel diff. = 690.497
[2024-01-20 21:08:10.046] [jointLog] [info] iteration = 100 | max rel diff. = 15.4641
[2024-01-20 21:08:29.949] [jointLog] [info] iteration = 200 | max rel diff. = 7.50624
[2024-01-20 21:08:49.830] [jointLog] [info] iteration = 300 | max rel diff. = 4.10446
[2024-01-20 21:09:09.689] [jointLog] [info] iteration = 400 | max rel diff. = 0.176689
[2024-01-20 21:09:29.538] [jointLog] [info] iteration = 500 | max rel diff. = 1.5671
[2024-01-20 21:09:49.380] [jointLog] [info] iteration = 600 | max rel diff. = 1.64147
[2024-01-20 21:10:09.231] [jointLog] [info] iteration = 700 | max rel diff. = 4.73875
[2024-01-20 21:10:29.085] [jointLog] [info] iteration = 800 | max rel diff. = 1.94214
[2024-01-20 21:10:48.947] [jointLog] [info] iteration = 900 | max rel diff. = 1.47859
[2024-01-20 21:11:08.803] [jointLog] [info] iteration = 1,000 | max rel diff. = 0.0575807
[2024-01-20 21:11:28.654] [jointLog] [info] iteration = 1,100 | max rel diff. = 0.0509963
[2024-01-20 21:11:48.511] [jointLog] [info] iteration = 1,200 | max rel diff. = 0.0448295
[2024-01-20 21:12:08.356] [jointLog] [info] iteration = 1,300 | max rel diff. = 0.0246873
[2024-01-20 21:12:28.210] [jointLog] [info] iteration = 1,400 | max rel diff. = 0.0408566
[2024-01-20 21:12:48.060] [jointLog] [info] iteration = 1,500 | max rel diff. = 0.0143627
[2024-01-20 21:13:02.764] [jointLog] [info] iteration = 1,575 | max rel diff. = 0.00820421
[2024-01-20 21:13:03.046] [jointLog] [info] Finished optimizer
[2024-01-20 21:13:03.046] [jointLog] [info] writing output 

