[2024-01-20 11:24:43.337] [jointLog] [info] setting maxHashResizeThreads to 4
[2024-01-20 11:24:43.337] [jointLog] [info] Fragment incompatibility prior below threshold.  Incompatible fragments will be ignored.
[2024-01-20 11:24:43.337] [jointLog] [info] Usage of --validateMappings implies use of minScoreFraction. Since not explicitly specified, it is being set to 0.65
[2024-01-20 11:24:43.337] [jointLog] [info] Setting consensusSlack to selective-alignment default of 0.35.
[2024-01-20 11:24:43.337] [jointLog] [info] parsing read library format
[2024-01-20 11:24:43.337] [jointLog] [info] There is 1 library.
[2024-01-20 11:24:43.339] [jointLog] [info] Loading pufferfish index
[2024-01-20 11:24:43.340] [jointLog] [info] Loading dense pufferfish index.
[2024-01-20 11:24:54.170] [jointLog] [info] done
[2024-01-20 11:24:54.368] [jointLog] [info] Index contained 2,060,605 targets
[2024-01-20 11:24:55.544] [jointLog] [info] Number of decoys : 0
[2024-01-20 12:06:08.726] [jointLog] [info] Computed 2,187,839 rich equivalence classes for further processing
[2024-01-20 12:06:08.726] [jointLog] [info] Counted 24,518,087 total reads in the equivalence classes 
[2024-01-20 12:06:08.729] [jointLog] [info] Number of mappings discarded because of alignment score : 46,180,537
[2024-01-20 12:06:08.729] [jointLog] [info] Number of fragments entirely discarded because of alignment score : 5,448,778
[2024-01-20 12:06:08.729] [jointLog] [info] Number of fragments discarded because they are best-mapped to decoys : 0
[2024-01-20 12:06:08.729] [jointLog] [info] Number of fragments discarded because they have only dovetail (discordant) mappings to valid targets : 11,450,718
[2024-01-20 12:06:08.729] [jointLog] [info] Mapping rate = 81.6152%

[2024-01-20 12:06:08.729] [jointLog] [info] finished quantifyLibrary()
[2024-01-20 12:06:08.821] [jointLog] [info] Starting optimizer
[2024-01-20 12:06:08.726] [fileLog] [info] 
At end of round 0
==================
Observed 30041091 total fragments (30041091 in most recent round)

[2024-01-20 12:07:10.719] [jointLog] [info] Marked 0 weighted equivalence classes as degenerate
[2024-01-20 12:07:10.941] [jointLog] [info] iteration = 0 | max rel diff. = 729.414
[2024-01-20 12:07:32.665] [jointLog] [info] iteration = 100 | max rel diff. = 18.8953
[2024-01-20 12:07:54.364] [jointLog] [info] iteration = 200 | max rel diff. = 12.0934
[2024-01-20 12:08:16.051] [jointLog] [info] iteration = 300 | max rel diff. = 3.63451
[2024-01-20 12:08:37.700] [jointLog] [info] iteration = 400 | max rel diff. = 3.86076
[2024-01-20 12:08:59.344] [jointLog] [info] iteration = 500 | max rel diff. = 3.52434
[2024-01-20 12:09:21.049] [jointLog] [info] iteration = 600 | max rel diff. = 0.205506
[2024-01-20 12:09:42.722] [jointLog] [info] iteration = 700 | max rel diff. = 0.104207
[2024-01-20 12:10:04.425] [jointLog] [info] iteration = 800 | max rel diff. = 0.3473
[2024-01-20 12:10:26.101] [jointLog] [info] iteration = 900 | max rel diff. = 1.11801
[2024-01-20 12:10:47.756] [jointLog] [info] iteration = 1,000 | max rel diff. = 0.0501144
[2024-01-20 12:11:09.459] [jointLog] [info] iteration = 1,100 | max rel diff. = 0.0535032
[2024-01-20 12:11:31.185] [jointLog] [info] iteration = 1,200 | max rel diff. = 0.0234748
[2024-01-20 12:11:52.869] [jointLog] [info] iteration = 1,300 | max rel diff. = 0.0797752
[2024-01-20 12:11:58.495] [jointLog] [info] iteration = 1,327 | max rel diff. = 0.00924062
[2024-01-20 12:11:58.774] [jointLog] [info] Finished optimizer
[2024-01-20 12:11:58.774] [jointLog] [info] writing output 

