[2024-01-20 18:17:03.523] [jointLog] [info] setting maxHashResizeThreads to 4
[2024-01-20 18:17:03.523] [jointLog] [info] Fragment incompatibility prior below threshold.  Incompatible fragments will be ignored.
[2024-01-20 18:17:03.523] [jointLog] [info] Usage of --validateMappings implies use of minScoreFraction. Since not explicitly specified, it is being set to 0.65
[2024-01-20 18:17:03.523] [jointLog] [info] Setting consensusSlack to selective-alignment default of 0.35.
[2024-01-20 18:17:03.523] [jointLog] [info] parsing read library format
[2024-01-20 18:17:03.523] [jointLog] [info] There is 1 library.
[2024-01-20 18:17:03.526] [jointLog] [info] Loading pufferfish index
[2024-01-20 18:17:03.526] [jointLog] [info] Loading dense pufferfish index.
[2024-01-20 18:17:13.577] [jointLog] [info] done
[2024-01-20 18:17:13.720] [jointLog] [info] Index contained 2,060,605 targets
[2024-01-20 18:17:14.931] [jointLog] [info] Number of decoys : 0
[2024-01-20 18:59:43.568] [jointLog] [info] Computed 2,116,022 rich equivalence classes for further processing
[2024-01-20 18:59:43.568] [jointLog] [info] Counted 24,650,242 total reads in the equivalence classes 
[2024-01-20 18:59:43.572] [jointLog] [info] Number of mappings discarded because of alignment score : 48,853,458
[2024-01-20 18:59:43.572] [jointLog] [info] Number of fragments entirely discarded because of alignment score : 6,138,021
[2024-01-20 18:59:43.572] [jointLog] [info] Number of fragments discarded because they are best-mapped to decoys : 0
[2024-01-20 18:59:43.572] [jointLog] [info] Number of fragments discarded because they have only dovetail (discordant) mappings to valid targets : 12,100,114
[2024-01-20 18:59:43.572] [jointLog] [info] Mapping rate = 79.8019%

[2024-01-20 18:59:43.572] [jointLog] [info] finished quantifyLibrary()
[2024-01-20 18:59:43.568] [fileLog] [info] 
At end of round 0
==================
Observed 30889286 total fragments (30889286 in most recent round)

[2024-01-20 18:59:43.703] [jointLog] [info] Starting optimizer
[2024-01-20 19:00:42.436] [jointLog] [info] Marked 0 weighted equivalence classes as degenerate
[2024-01-20 19:00:42.653] [jointLog] [info] iteration = 0 | max rel diff. = 657.929
[2024-01-20 19:01:03.801] [jointLog] [info] iteration = 100 | max rel diff. = 13.3648
[2024-01-20 19:01:24.952] [jointLog] [info] iteration = 200 | max rel diff. = 6.63898
[2024-01-20 19:01:46.107] [jointLog] [info] iteration = 300 | max rel diff. = 13.1083
[2024-01-20 19:02:07.260] [jointLog] [info] iteration = 400 | max rel diff. = 7.27518
[2024-01-20 19:02:28.397] [jointLog] [info] iteration = 500 | max rel diff. = 2.04702
[2024-01-20 19:02:49.561] [jointLog] [info] iteration = 600 | max rel diff. = 11.7778
[2024-01-20 19:03:10.708] [jointLog] [info] iteration = 700 | max rel diff. = 0.812862
[2024-01-20 19:03:31.862] [jointLog] [info] iteration = 800 | max rel diff. = 0.282149
[2024-01-20 19:03:53.027] [jointLog] [info] iteration = 900 | max rel diff. = 0.536827
[2024-01-20 19:04:14.174] [jointLog] [info] iteration = 1,000 | max rel diff. = 0.0802864
[2024-01-20 19:04:35.312] [jointLog] [info] iteration = 1,100 | max rel diff. = 0.118948
[2024-01-20 19:04:56.475] [jointLog] [info] iteration = 1,200 | max rel diff. = 0.0569168
[2024-01-20 19:05:17.619] [jointLog] [info] iteration = 1,300 | max rel diff. = 0.0140716
[2024-01-20 19:05:38.796] [jointLog] [info] iteration = 1,400 | max rel diff. = 0.106
[2024-01-20 19:05:59.947] [jointLog] [info] iteration = 1,500 | max rel diff. = 0.0162258
[2024-01-20 19:06:11.382] [jointLog] [info] iteration = 1,555 | max rel diff. = 0.00845077
[2024-01-20 19:06:11.664] [jointLog] [info] Finished optimizer
[2024-01-20 19:06:11.664] [jointLog] [info] writing output 

[2024-01-20 19:06:15.845] [jointLog] [warning] NOTE: Read Lib [[ /home/dgold/23_Clams_Trinity/2_Mapping/../0_Data/SRR25907737_1.fastq.gz, /home/dgold/23_Clams_Trinity/2_Mapping/../0_Data/SRR25907737_2.fastq.gz]] :

Detected a *potential* strand bias > 1% in an unstranded protocol check the file: OA4_B1/lib_format_counts.json for details

