[2024-02-17 23:04:12.959] [jointLog] [info] setting maxHashResizeThreads to 4
[2024-02-17 23:04:12.959] [jointLog] [info] Fragment incompatibility prior below threshold.  Incompatible fragments will be ignored.
[2024-02-17 23:04:12.959] [jointLog] [info] Usage of --validateMappings implies use of minScoreFraction. Since not explicitly specified, it is being set to 0.65
[2024-02-17 23:04:12.959] [jointLog] [info] Setting consensusSlack to selective-alignment default of 0.35.
[2024-02-17 23:04:12.959] [jointLog] [info] parsing read library format
[2024-02-17 23:04:12.960] [jointLog] [info] There is 1 library.
[2024-02-17 23:04:12.962] [jointLog] [info] Loading pufferfish index
[2024-02-17 23:04:12.962] [jointLog] [info] Loading dense pufferfish index.
[2024-02-17 23:04:15.536] [jointLog] [info] done
[2024-02-17 23:04:15.629] [jointLog] [info] Index contained 635,936 targets
[2024-02-17 23:04:15.822] [jointLog] [info] Number of decoys : 0
[2024-02-17 23:33:44.448] [jointLog] [info] Computed 1,321,094 rich equivalence classes for further processing
[2024-02-17 23:33:44.448] [jointLog] [info] Counted 22,154,908 total reads in the equivalence classes 
[2024-02-17 23:33:44.450] [jointLog] [info] Number of mappings discarded because of alignment score : 39,872,845
[2024-02-17 23:33:44.450] [jointLog] [info] Number of fragments entirely discarded because of alignment score : 5,375,343
[2024-02-17 23:33:44.450] [jointLog] [info] Number of fragments discarded because they are best-mapped to decoys : 0
[2024-02-17 23:33:44.450] [jointLog] [info] Number of fragments discarded because they have only dovetail (discordant) mappings to valid targets : 10,321,648
[2024-02-17 23:33:44.450] [jointLog] [info] Mapping rate = 77.8577%

[2024-02-17 23:33:44.450] [jointLog] [info] finished quantifyLibrary()
[2024-02-17 23:33:44.612] [jointLog] [info] Starting optimizer
[2024-02-17 23:33:44.448] [fileLog] [info] 
At end of round 0
==================
Observed 28455643 total fragments (28455643 in most recent round)

[2024-02-17 23:33:44.969] [jointLog] [info] Marked 0 weighted equivalence classes as degenerate
[2024-02-17 23:33:45.056] [jointLog] [info] iteration = 0 | max rel diff. = 2040.75
[2024-02-17 23:33:53.347] [jointLog] [info] iteration = 100 | max rel diff. = 17.4551
[2024-02-17 23:34:01.631] [jointLog] [info] iteration = 200 | max rel diff. = 2.50876
[2024-02-17 23:34:09.921] [jointLog] [info] iteration = 300 | max rel diff. = 2.22713
[2024-02-17 23:34:18.195] [jointLog] [info] iteration = 400 | max rel diff. = 0.419788
[2024-02-17 23:34:26.462] [jointLog] [info] iteration = 500 | max rel diff. = 2.17705
[2024-02-17 23:34:34.724] [jointLog] [info] iteration = 600 | max rel diff. = 0.507351
[2024-02-17 23:34:42.978] [jointLog] [info] iteration = 700 | max rel diff. = 3.94041
[2024-02-17 23:34:51.233] [jointLog] [info] iteration = 800 | max rel diff. = 1.08344
[2024-02-17 23:34:59.487] [jointLog] [info] iteration = 900 | max rel diff. = 0.0846371
[2024-02-17 23:35:07.741] [jointLog] [info] iteration = 1,000 | max rel diff. = 5.54169
[2024-02-17 23:35:15.995] [jointLog] [info] iteration = 1,100 | max rel diff. = 0.11637
[2024-02-17 23:35:23.168] [jointLog] [info] iteration = 1,188 | max rel diff. = 0.00715413
[2024-02-17 23:35:23.251] [jointLog] [info] Finished optimizer
[2024-02-17 23:35:23.251] [jointLog] [info] writing output 

