[2024-01-20 13:08:17.382] [jointLog] [info] setting maxHashResizeThreads to 4
[2024-01-20 13:08:17.382] [jointLog] [info] Fragment incompatibility prior below threshold.  Incompatible fragments will be ignored.
[2024-01-20 13:08:17.382] [jointLog] [info] Usage of --validateMappings implies use of minScoreFraction. Since not explicitly specified, it is being set to 0.65
[2024-01-20 13:08:17.382] [jointLog] [info] Setting consensusSlack to selective-alignment default of 0.35.
[2024-01-20 13:08:17.382] [jointLog] [info] parsing read library format
[2024-01-20 13:08:17.382] [jointLog] [info] There is 1 library.
[2024-01-20 13:08:17.385] [jointLog] [info] Loading pufferfish index
[2024-01-20 13:08:17.385] [jointLog] [info] Loading dense pufferfish index.
[2024-01-20 13:08:28.198] [jointLog] [info] done
[2024-01-20 13:08:28.405] [jointLog] [info] Index contained 2,060,605 targets
[2024-01-20 13:08:29.620] [jointLog] [info] Number of decoys : 0
[2024-01-20 13:50:23.247] [jointLog] [info] Computed 2,479,197 rich equivalence classes for further processing
[2024-01-20 13:50:23.247] [jointLog] [info] Counted 27,795,192 total reads in the equivalence classes 
[2024-01-20 13:50:23.252] [jointLog] [info] Number of mappings discarded because of alignment score : 52,051,794
[2024-01-20 13:50:23.252] [jointLog] [info] Number of fragments entirely discarded because of alignment score : 6,305,133
[2024-01-20 13:50:23.252] [jointLog] [info] Number of fragments discarded because they are best-mapped to decoys : 0
[2024-01-20 13:50:23.252] [jointLog] [info] Number of fragments discarded because they have only dovetail (discordant) mappings to valid targets : 13,155,871
[2024-01-20 13:50:23.252] [jointLog] [info] Mapping rate = 81.2767%

[2024-01-20 13:50:23.252] [jointLog] [info] finished quantifyLibrary()
[2024-01-20 13:50:23.396] [jointLog] [info] Starting optimizer
[2024-01-20 13:50:23.248] [fileLog] [info] 
At end of round 0
==================
Observed 34198240 total fragments (34198240 in most recent round)

[2024-01-20 13:50:24.568] [jointLog] [info] Marked 0 weighted equivalence classes as degenerate
[2024-01-20 13:50:24.807] [jointLog] [info] iteration = 0 | max rel diff. = 809.673
[2024-01-20 13:50:48.286] [jointLog] [info] iteration = 100 | max rel diff. = 16.2653
[2024-01-20 13:51:11.749] [jointLog] [info] iteration = 200 | max rel diff. = 2.1065
[2024-01-20 13:51:35.104] [jointLog] [info] iteration = 300 | max rel diff. = 1.42795
[2024-01-20 13:51:58.474] [jointLog] [info] iteration = 400 | max rel diff. = 2.8885
[2024-01-20 13:52:21.844] [jointLog] [info] iteration = 500 | max rel diff. = 0.150237
[2024-01-20 13:52:45.189] [jointLog] [info] iteration = 600 | max rel diff. = 0.279191
[2024-01-20 13:53:08.534] [jointLog] [info] iteration = 700 | max rel diff. = 0.067433
[2024-01-20 13:53:31.849] [jointLog] [info] iteration = 800 | max rel diff. = 0.427596
[2024-01-20 13:53:55.197] [jointLog] [info] iteration = 900 | max rel diff. = 0.248574
[2024-01-20 13:54:18.564] [jointLog] [info] iteration = 1,000 | max rel diff. = 0.109538
[2024-01-20 13:54:41.915] [jointLog] [info] iteration = 1,100 | max rel diff. = 0.359004
[2024-01-20 13:55:05.284] [jointLog] [info] iteration = 1,200 | max rel diff. = 0.110538
[2024-01-20 13:55:28.652] [jointLog] [info] iteration = 1,300 | max rel diff. = 0.0789779
[2024-01-20 13:55:51.999] [jointLog] [info] iteration = 1,400 | max rel diff. = 0.300434
[2024-01-20 13:56:15.369] [jointLog] [info] iteration = 1,500 | max rel diff. = 0.0492837
[2024-01-20 13:56:38.728] [jointLog] [info] iteration = 1,600 | max rel diff. = 0.278637
[2024-01-20 13:57:02.150] [jointLog] [info] iteration = 1,700 | max rel diff. = 0.0612572
[2024-01-20 13:57:26.190] [jointLog] [info] iteration = 1,800 | max rel diff. = 0.0303501
[2024-01-20 13:57:45.936] [jointLog] [info] iteration = 1,885 | max rel diff. = 0.00669759
[2024-01-20 13:57:46.218] [jointLog] [info] Finished optimizer
[2024-01-20 13:57:46.218] [jointLog] [info] writing output 

[2024-01-20 13:57:50.093] [jointLog] [warning] NOTE: Read Lib [[ /home/dgold/23_Clams_Trinity/2_Mapping/../0_Data/SRR25907725_1.fastq.gz, /home/dgold/23_Clams_Trinity/2_Mapping/../0_Data/SRR25907725_2.fastq.gz]] :

Detected a *potential* strand bias > 1% in an unstranded protocol check the file: C2_B2/lib_format_counts.json for details

